2025-06-06 15:26:37,250 - INFO - ============================================================
2025-06-06 15:26:37,483 - INFO - ==================================================
2025-06-06 15:26:37,511 - INFO - Available parameters: 12/12
2025-06-06 15:26:37,535 - INFO - 
Detailed statistics:
2025-06-06 15:26:37,552 - INFO -    temp: Range [-16.3, 36.3], Outliers: 34 (0.1%)
2025-06-06 15:26:37,554 - INFO -    wind_spd: Range [0.0, 12.4], Outliers: 1055 (2.7%)
2025-06-06 15:26:37,556 - INFO -    precip: Range [0.0, 22.0], Outliers: 3390 (8.7%)
2025-06-06 15:26:37,558 - INFO -    solar_rad: Range [0.0, 919.0], Outliers: 4404 (11.4%)
2025-06-06 15:26:37,567 - INFO -    2021-01: 744/744 hours (100.0%)
2025-06-06 15:26:37,568 - INFO -    2021-02: 672/672 hours (100.0%)
2025-06-06 15:26:37,569 - INFO -    2021-03: 744/744 hours (100.0%)
2025-06-06 15:26:37,569 - INFO -    2021-04: 720/720 hours (100.0%)
2025-06-06 15:26:37,569 - INFO -    2021-05: 744/744 hours (100.0%)
2025-06-06 15:26:37,569 - INFO -    2021-06: 720/720 hours (100.0%)
2025-06-06 15:26:37,570 - INFO -    2021-07: 744/744 hours (100.0%)
2025-06-06 15:26:37,570 - INFO -    2021-08: 744/744 hours (100.0%)
2025-06-06 15:26:37,570 - INFO -    2021-09: 720/720 hours (100.0%)
2025-06-06 15:26:37,570 - INFO -    2021-10: 744/744 hours (100.0%)
2025-06-06 15:26:37,571 - INFO -    2021-11: 720/720 hours (100.0%)
2025-06-06 15:26:37,571 - INFO -    2021-12: 744/744 hours (100.0%)
2025-06-06 15:26:37,571 - INFO -    2022-01: 744/744 hours (100.0%)
2025-06-06 15:26:37,571 - INFO -    2022-02: 672/672 hours (100.0%)
2025-06-06 15:26:37,571 - INFO -    2022-03: 744/744 hours (100.0%)
2025-06-06 15:26:37,572 - INFO -    2022-04: 720/720 hours (100.0%)
2025-06-06 15:26:37,572 - INFO -    2022-05: 744/744 hours (100.0%)
2025-06-06 15:26:37,572 - INFO -    2022-06: 720/720 hours (100.0%)
2025-06-06 15:26:37,572 - INFO -    2022-07: 744/744 hours (100.0%)
2025-06-06 15:26:37,573 - INFO -    2022-08: 744/744 hours (100.0%)
2025-06-06 15:26:37,573 - INFO -    2022-09: 720/720 hours (100.0%)
2025-06-06 15:26:37,573 - INFO -    2022-10: 744/744 hours (100.0%)
2025-06-06 15:26:37,573 - INFO -    2022-11: 720/720 hours (100.0%)
2025-06-06 15:26:37,573 - INFO -    2022-12: 744/744 hours (100.0%)
2025-06-06 15:26:37,573 - INFO -    2023-01: 744/744 hours (100.0%)
2025-06-06 15:26:37,574 - INFO -    2023-02: 672/672 hours (100.0%)
2025-06-06 15:26:37,574 - INFO -    2023-03: 744/744 hours (100.0%)
2025-06-06 15:26:37,574 - INFO -    2023-04: 720/720 hours (100.0%)
2025-06-06 15:26:37,574 - INFO -    2023-05: 744/744 hours (100.0%)
2025-06-06 15:26:37,574 - INFO -    2023-06: 720/720 hours (100.0%)
2025-06-06 15:26:37,575 - INFO -    2023-07: 744/744 hours (100.0%)
2025-06-06 15:26:37,575 - INFO -    2023-08: 744/744 hours (100.0%)
2025-06-06 15:26:37,575 - INFO -    2023-09: 720/720 hours (100.0%)
2025-06-06 15:26:37,575 - INFO -    2023-10: 744/744 hours (100.0%)
2025-06-06 15:26:37,575 - INFO -    2023-11: 720/720 hours (100.0%)
2025-06-06 15:26:37,576 - INFO -    2023-12: 744/744 hours (100.0%)
2025-06-06 15:26:37,576 - INFO -    2024-01: 744/744 hours (100.0%)
2025-06-06 15:26:37,576 - INFO -    2024-02: 696/696 hours (100.0%)
2025-06-06 15:26:37,576 - INFO -    2024-03: 744/744 hours (100.0%)
2025-06-06 15:26:37,576 - INFO -    2024-04: 720/720 hours (100.0%)
2025-06-06 15:26:37,577 - INFO -    2024-05: 744/744 hours (100.0%)
2025-06-06 15:26:37,577 - INFO -    2024-06: 720/720 hours (100.0%)
2025-06-06 15:26:37,577 - INFO -    2024-07: 744/744 hours (100.0%)
2025-06-06 15:26:37,577 - INFO -    2024-08: 744/744 hours (100.0%)
2025-06-06 15:26:37,577 - INFO -    2024-09: 720/720 hours (100.0%)
2025-06-06 15:26:37,577 - INFO -    2024-10: 744/744 hours (100.0%)
2025-06-06 15:26:37,578 - INFO -    2024-11: 720/720 hours (100.0%)
2025-06-06 15:26:37,578 - INFO -    2024-12: 744/744 hours (100.0%)
2025-06-06 15:26:37,578 - INFO -    2025-01: 744/744 hours (100.0%)
2025-06-06 15:26:37,578 - INFO -    2025-02: 672/672 hours (100.0%)
2025-06-06 15:26:37,578 - INFO -    2025-03: 744/744 hours (100.0%)
2025-06-06 15:26:37,578 - INFO -    2025-04: 720/720 hours (100.0%)
2025-06-06 15:26:37,579 - INFO -    2025-05: 744/744 hours (100.0%)
2025-06-06 15:26:37,579 - INFO -    2025-06: 96/720 hours (13.3%)
2025-06-06 15:29:29,566 - INFO - Starting Enhanced Weather Data Analysis
2025-06-06 15:29:29,567 - INFO - ============================================================
2025-06-06 15:29:29,567 - INFO - Loading enhanced weather data from weatherbit_data/schweinfurt_weather_2021-01-01_to_2025-06-05.csv...
2025-06-06 15:29:29,727 - INFO - Raw data loaded: 38,784 records, 28 columns
2025-06-06 15:29:29,786 - INFO - Enhanced datetime parsing and temporal features created
2025-06-06 15:29:29,787 - INFO - 
ENHANCED WEATHER DATA ANALYSIS
2025-06-06 15:29:29,787 - INFO - ==================================================
2025-06-06 15:29:29,787 - INFO - Total records: 38,784
2025-06-06 15:29:29,788 - INFO - Date range: 2021-01-01 00:00:00 to 2025-06-04 23:00:00
2025-06-06 15:29:29,788 - INFO - Time span: 1615 days (4.4 years)
2025-06-06 15:29:29,798 - INFO - 
MISSING VALUES ANALYSIS:
2025-06-06 15:29:29,800 - WARNING - WARNING - h_angle: 38,784 missing (100.0%)
2025-06-06 15:29:29,800 - INFO - INFO - vis: 36 missing (0.1%)
2025-06-06 15:29:29,800 - INFO - 
ENHANCED WEATHER PARAMETER STATISTICS:
2025-06-06 15:29:29,801 - INFO - Available parameters: 12/12
2025-06-06 15:29:29,827 - INFO - 
Detailed statistics:
2025-06-06 15:29:29,840 - INFO - 
EXTREME VALUE ANALYSIS:
2025-06-06 15:29:29,842 - INFO -    temp: Range [-16.3, 36.3], Outliers: 34 (0.1%)
2025-06-06 15:29:29,844 - INFO -    wind_spd: Range [0.0, 12.4], Outliers: 1055 (2.7%)
2025-06-06 15:29:29,846 - INFO -    precip: Range [0.0, 22.0], Outliers: 3390 (8.7%)
2025-06-06 15:29:29,848 - INFO -    solar_rad: Range [0.0, 919.0], Outliers: 4404 (11.4%)
2025-06-06 15:29:29,848 - INFO - 
TEMPORAL COMPLETENESS ANALYSIS:
2025-06-06 15:29:29,851 - INFO -    2021-01: 744/744 hours (100.0%)
2025-06-06 15:29:29,851 - INFO -    2021-02: 672/672 hours (100.0%)
2025-06-06 15:29:29,851 - INFO -    2021-03: 744/744 hours (100.0%)
2025-06-06 15:29:29,852 - INFO -    2021-04: 720/720 hours (100.0%)
2025-06-06 15:29:29,852 - INFO -    2021-05: 744/744 hours (100.0%)
2025-06-06 15:29:29,852 - INFO -    2021-06: 720/720 hours (100.0%)
2025-06-06 15:29:29,852 - INFO -    2021-07: 744/744 hours (100.0%)
2025-06-06 15:29:29,852 - INFO -    2021-08: 744/744 hours (100.0%)
2025-06-06 15:29:29,853 - INFO -    2021-09: 720/720 hours (100.0%)
2025-06-06 15:29:29,853 - INFO -    2021-10: 744/744 hours (100.0%)
2025-06-06 15:29:29,853 - INFO -    2021-11: 720/720 hours (100.0%)
2025-06-06 15:29:29,854 - INFO -    2021-12: 744/744 hours (100.0%)
2025-06-06 15:29:29,854 - INFO -    2022-01: 744/744 hours (100.0%)
2025-06-06 15:29:29,854 - INFO -    2022-02: 672/672 hours (100.0%)
2025-06-06 15:29:29,854 - INFO -    2022-03: 744/744 hours (100.0%)
2025-06-06 15:29:29,854 - INFO -    2022-04: 720/720 hours (100.0%)
2025-06-06 15:29:29,855 - INFO -    2022-05: 744/744 hours (100.0%)
2025-06-06 15:29:29,855 - INFO -    2022-06: 720/720 hours (100.0%)
2025-06-06 15:29:29,855 - INFO -    2022-07: 744/744 hours (100.0%)
2025-06-06 15:29:29,855 - INFO -    2022-08: 744/744 hours (100.0%)
2025-06-06 15:29:29,856 - INFO -    2022-09: 720/720 hours (100.0%)
2025-06-06 15:29:29,856 - INFO -    2022-10: 744/744 hours (100.0%)
2025-06-06 15:29:29,856 - INFO -    2022-11: 720/720 hours (100.0%)
2025-06-06 15:29:29,856 - INFO -    2022-12: 744/744 hours (100.0%)
2025-06-06 15:29:29,856 - INFO -    2023-01: 744/744 hours (100.0%)
2025-06-06 15:29:29,857 - INFO -    2023-02: 672/672 hours (100.0%)
2025-06-06 15:29:29,857 - INFO -    2023-03: 744/744 hours (100.0%)
2025-06-06 15:29:29,857 - INFO -    2023-04: 720/720 hours (100.0%)
2025-06-06 15:29:29,857 - INFO -    2023-05: 744/744 hours (100.0%)
2025-06-06 15:29:29,857 - INFO -    2023-06: 720/720 hours (100.0%)
2025-06-06 15:29:29,858 - INFO -    2023-07: 744/744 hours (100.0%)
2025-06-06 15:29:29,858 - INFO -    2023-08: 744/744 hours (100.0%)
2025-06-06 15:29:29,858 - INFO -    2023-09: 720/720 hours (100.0%)
2025-06-06 15:29:29,858 - INFO -    2023-10: 744/744 hours (100.0%)
2025-06-06 15:29:29,858 - INFO -    2023-11: 720/720 hours (100.0%)
2025-06-06 15:29:29,859 - INFO -    2023-12: 744/744 hours (100.0%)
2025-06-06 15:29:29,859 - INFO -    2024-01: 744/744 hours (100.0%)
2025-06-06 15:29:29,859 - INFO -    2024-02: 696/696 hours (100.0%)
2025-06-06 15:29:29,859 - INFO -    2024-03: 744/744 hours (100.0%)
2025-06-06 15:29:29,859 - INFO -    2024-04: 720/720 hours (100.0%)
2025-06-06 15:29:29,860 - INFO -    2024-05: 744/744 hours (100.0%)
2025-06-06 15:29:29,860 - INFO -    2024-06: 720/720 hours (100.0%)
2025-06-06 15:29:29,860 - INFO -    2024-07: 744/744 hours (100.0%)
2025-06-06 15:29:29,860 - INFO -    2024-08: 744/744 hours (100.0%)
2025-06-06 15:29:29,860 - INFO -    2024-09: 720/720 hours (100.0%)
2025-06-06 15:29:29,860 - INFO -    2024-10: 744/744 hours (100.0%)
2025-06-06 15:29:29,861 - INFO -    2024-11: 720/720 hours (100.0%)
2025-06-06 15:29:29,861 - INFO -    2024-12: 744/744 hours (100.0%)
2025-06-06 15:29:29,861 - INFO -    2025-01: 744/744 hours (100.0%)
2025-06-06 15:29:29,861 - INFO -    2025-02: 672/672 hours (100.0%)
2025-06-06 15:29:29,861 - INFO -    2025-03: 744/744 hours (100.0%)
2025-06-06 15:29:29,862 - INFO -    2025-04: 720/720 hours (100.0%)
2025-06-06 15:29:29,862 - INFO -    2025-05: 744/744 hours (100.0%)
2025-06-06 15:29:29,862 - INFO -    2025-06: 96/720 hours (13.3%)
2025-06-06 15:29:29,862 - WARNING - Found 1 months with <95% completeness
2025-06-06 15:29:29,867 - INFO - 
YEARLY SUMMARY:
2025-06-06 15:29:30,482 - INFO - Enhanced processed data saved to processed_data/enhanced_processed_weather_data.csv
2025-06-06 15:29:30,482 - INFO - 
Generating enhanced visualizations...
2025-06-06 15:29:32,291 - INFO - Using categorical units to plot a list of strings that are all parsable as floats or dates. If these strings should be plotted as numbers, cast to the appropriate data type before plotting.
2025-06-06 15:29:32,315 - INFO - Using categorical units to plot a list of strings that are all parsable as floats or dates. If these strings should be plotted as numbers, cast to the appropriate data type before plotting.
2025-06-06 15:32:55,990 - INFO - Starting Enhanced Weather Data Analysis
2025-06-06 15:32:55,990 - INFO - ============================================================
2025-06-06 15:32:55,990 - INFO - Loading enhanced weather data from weatherbit_data/schweinfurt_weather_2021-01-01_to_2025-06-05.csv...
2025-06-06 15:32:56,132 - INFO - Raw data loaded: 38,784 records, 28 columns
2025-06-06 15:32:56,219 - INFO - Enhanced datetime parsing and temporal features created
2025-06-06 15:32:56,220 - INFO - 
ENHANCED WEATHER DATA ANALYSIS
2025-06-06 15:32:56,220 - INFO - ==================================================
2025-06-06 15:32:56,220 - INFO - Total records: 38,784
2025-06-06 15:32:56,221 - INFO - Date range: 2021-01-01 00:00:00 to 2025-06-04 23:00:00
2025-06-06 15:32:56,222 - INFO - Time span: 1615 days (4.4 years)
2025-06-06 15:32:56,239 - INFO - 
MISSING VALUES ANALYSIS:
2025-06-06 15:32:56,241 - WARNING - WARNING - h_angle: 38,784 missing (100.0%)
2025-06-06 15:32:56,242 - INFO - INFO - vis: 36 missing (0.1%)
2025-06-06 15:32:56,242 - INFO - 
ENHANCED WEATHER PARAMETER STATISTICS:
2025-06-06 15:32:56,242 - INFO - Available parameters: 12/12
2025-06-06 15:32:56,269 - INFO - 
Detailed statistics:
2025-06-06 15:32:56,282 - INFO - 
EXTREME VALUE ANALYSIS:
2025-06-06 15:32:56,284 - INFO -    temp: Range [-16.3, 36.3], Outliers: 34 (0.1%)
2025-06-06 15:32:56,286 - INFO -    wind_spd: Range [0.0, 12.4], Outliers: 1055 (2.7%)
2025-06-06 15:32:56,288 - INFO -    precip: Range [0.0, 22.0], Outliers: 3390 (8.7%)
2025-06-06 15:32:56,290 - INFO -    solar_rad: Range [0.0, 919.0], Outliers: 4404 (11.4%)
2025-06-06 15:32:56,290 - INFO - 
TEMPORAL COMPLETENESS ANALYSIS:
2025-06-06 15:32:56,293 - INFO -    2021-01: 744/744 hours (100.0%)
2025-06-06 15:32:56,293 - INFO -    2021-02: 672/672 hours (100.0%)
2025-06-06 15:32:56,293 - INFO -    2021-03: 744/744 hours (100.0%)
2025-06-06 15:32:56,293 - INFO -    2021-04: 720/720 hours (100.0%)
2025-06-06 15:32:56,294 - INFO -    2021-05: 744/744 hours (100.0%)
2025-06-06 15:32:56,294 - INFO -    2021-06: 720/720 hours (100.0%)
2025-06-06 15:32:56,294 - INFO -    2021-07: 744/744 hours (100.0%)
2025-06-06 15:32:56,294 - INFO -    2021-08: 744/744 hours (100.0%)
2025-06-06 15:32:56,294 - INFO -    2021-09: 720/720 hours (100.0%)
2025-06-06 15:32:56,295 - INFO -    2021-10: 744/744 hours (100.0%)
2025-06-06 15:32:56,295 - INFO -    2021-11: 720/720 hours (100.0%)
2025-06-06 15:32:56,295 - INFO -    2021-12: 744/744 hours (100.0%)
2025-06-06 15:32:56,295 - INFO -    2022-01: 744/744 hours (100.0%)
2025-06-06 15:32:56,296 - INFO -    2022-02: 672/672 hours (100.0%)
2025-06-06 15:32:56,296 - INFO -    2022-03: 744/744 hours (100.0%)
2025-06-06 15:32:56,296 - INFO -    2022-04: 720/720 hours (100.0%)
2025-06-06 15:32:56,296 - INFO -    2022-05: 744/744 hours (100.0%)
2025-06-06 15:32:56,296 - INFO -    2022-06: 720/720 hours (100.0%)
2025-06-06 15:32:56,296 - INFO -    2022-07: 744/744 hours (100.0%)
2025-06-06 15:32:56,297 - INFO -    2022-08: 744/744 hours (100.0%)
2025-06-06 15:32:56,297 - INFO -    2022-09: 720/720 hours (100.0%)
2025-06-06 15:32:56,297 - INFO -    2022-10: 744/744 hours (100.0%)
2025-06-06 15:32:56,297 - INFO -    2022-11: 720/720 hours (100.0%)
2025-06-06 15:32:56,297 - INFO -    2022-12: 744/744 hours (100.0%)
2025-06-06 15:32:56,298 - INFO -    2023-01: 744/744 hours (100.0%)
2025-06-06 15:32:56,298 - INFO -    2023-02: 672/672 hours (100.0%)
2025-06-06 15:32:56,298 - INFO -    2023-03: 744/744 hours (100.0%)
2025-06-06 15:32:56,298 - INFO -    2023-04: 720/720 hours (100.0%)
2025-06-06 15:32:56,298 - INFO -    2023-05: 744/744 hours (100.0%)
2025-06-06 15:32:56,298 - INFO -    2023-06: 720/720 hours (100.0%)
2025-06-06 15:32:56,299 - INFO -    2023-07: 744/744 hours (100.0%)
2025-06-06 15:32:56,299 - INFO -    2023-08: 744/744 hours (100.0%)
2025-06-06 15:32:56,299 - INFO -    2023-09: 720/720 hours (100.0%)
2025-06-06 15:32:56,299 - INFO -    2023-10: 744/744 hours (100.0%)
2025-06-06 15:32:56,299 - INFO -    2023-11: 720/720 hours (100.0%)
2025-06-06 15:32:56,300 - INFO -    2023-12: 744/744 hours (100.0%)
2025-06-06 15:32:56,300 - INFO -    2024-01: 744/744 hours (100.0%)
2025-06-06 15:32:56,300 - INFO -    2024-02: 696/696 hours (100.0%)
2025-06-06 15:32:56,300 - INFO -    2024-03: 744/744 hours (100.0%)
2025-06-06 15:32:56,300 - INFO -    2024-04: 720/720 hours (100.0%)
2025-06-06 15:32:56,301 - INFO -    2024-05: 744/744 hours (100.0%)
2025-06-06 15:32:56,301 - INFO -    2024-06: 720/720 hours (100.0%)
2025-06-06 15:32:56,301 - INFO -    2024-07: 744/744 hours (100.0%)
2025-06-06 15:32:56,301 - INFO -    2024-08: 744/744 hours (100.0%)
2025-06-06 15:32:56,301 - INFO -    2024-09: 720/720 hours (100.0%)
2025-06-06 15:32:56,302 - INFO -    2024-10: 744/744 hours (100.0%)
2025-06-06 15:32:56,302 - INFO -    2024-11: 720/720 hours (100.0%)
2025-06-06 15:32:56,302 - INFO -    2024-12: 744/744 hours (100.0%)
2025-06-06 15:32:56,302 - INFO -    2025-01: 744/744 hours (100.0%)
2025-06-06 15:32:56,302 - INFO -    2025-02: 672/672 hours (100.0%)
2025-06-06 15:32:56,303 - INFO -    2025-03: 744/744 hours (100.0%)
2025-06-06 15:32:56,303 - INFO -    2025-04: 720/720 hours (100.0%)
2025-06-06 15:32:56,303 - INFO -    2025-05: 744/744 hours (100.0%)
2025-06-06 15:32:56,303 - INFO -    2025-06: 96/720 hours (13.3%)
2025-06-06 15:32:56,303 - WARNING - Found 1 months with <95% completeness
2025-06-06 15:32:56,309 - INFO - 
YEARLY SUMMARY:
2025-06-06 15:32:56,950 - INFO - Enhanced processed data saved to processed_data/enhanced_processed_weather_data.csv
2025-06-06 15:32:56,951 - INFO - 
Generating enhanced visualizations...
2025-06-06 15:32:58,822 - INFO - Using categorical units to plot a list of strings that are all parsable as floats or dates. If these strings should be plotted as numbers, cast to the appropriate data type before plotting.
2025-06-06 15:32:58,845 - INFO - Using categorical units to plot a list of strings that are all parsable as floats or dates. If these strings should be plotted as numbers, cast to the appropriate data type before plotting.
2025-06-06 15:33:03,167 - INFO - Enhanced visualizations saved to plots/
2025-06-06 15:33:03,168 - INFO - Generated plots:
2025-06-06 15:33:03,168 - INFO -    - enhanced_temperature_analysis.png
2025-06-06 15:33:03,168 - INFO -    - enhanced_monthly_analysis.png
2025-06-06 15:33:03,169 - INFO -    - enhanced_correlation_heatmap.png
2025-06-06 15:33:03,169 - INFO -    - enhanced_daily_patterns.png
2025-06-06 15:33:03,169 - INFO -    - enhanced_solar_wind_analysis.png
2025-06-06 15:33:03,170 - INFO -    - data_completeness_heatmap.png
2025-06-06 15:33:03,172 - INFO - 
ENHANCED WEATHER ANALYSIS COMPLETE!
2025-06-06 15:33:03,172 - INFO - ==================================================
2025-06-06 15:33:03,173 - INFO - Processed: 38,784 records
2025-06-06 15:33:03,173 - INFO - Time span: 2021-01-01 00:00:00 to 2025-06-04 23:00:00
2025-06-06 15:33:03,174 - INFO - Features: 39 columns
2025-06-06 15:33:03,174 - INFO - Output: enhanced_processed_weather_data.csv
2025-06-06 15:33:03,174 - INFO - Visualizations: plots/ directory
2025-06-06 15:33:03,175 - INFO - 
Ready for next step: district_heating_parameters.py
2025-06-06 15:46:27,426 - INFO - Starting Enhanced Weather Data Analysis
2025-06-06 15:46:27,426 - INFO - ============================================================
2025-06-06 15:46:27,426 - INFO - Loading enhanced weather data from weatherbit_data/schweinfurt_weather_2021-01-01_to_2025-06-05.csv...
2025-06-06 15:46:27,568 - INFO - Raw data loaded: 38,784 records, 28 columns
2025-06-06 15:46:27,624 - INFO - Enhanced datetime parsing and temporal features created
2025-06-06 15:46:27,625 - INFO - 
ENHANCED WEATHER DATA ANALYSIS
2025-06-06 15:46:27,625 - INFO - ==================================================
2025-06-06 15:46:27,625 - INFO - Total records: 38,784
2025-06-06 15:46:27,626 - INFO - Date range: 2021-01-01 00:00:00 to 2025-06-04 23:00:00
2025-06-06 15:46:27,626 - INFO - Time span: 1615 days (4.4 years)
2025-06-06 15:46:27,636 - INFO - 
MISSING VALUES ANALYSIS:
2025-06-06 15:46:27,638 - WARNING - WARNING - h_angle: 38,784 missing (100.0%)
2025-06-06 15:46:27,638 - INFO - INFO - vis: 36 missing (0.1%)
2025-06-06 15:46:27,638 - INFO - 
ENHANCED WEATHER PARAMETER STATISTICS:
2025-06-06 15:46:27,639 - INFO - Available parameters: 12/12
2025-06-06 15:46:27,662 - INFO - 
Detailed statistics:
2025-06-06 15:46:27,675 - INFO - 
EXTREME VALUE ANALYSIS:
2025-06-06 15:46:27,676 - INFO -    temp: Range [-16.3, 36.3], Outliers: 34 (0.1%)
2025-06-06 15:46:27,678 - INFO -    wind_spd: Range [0.0, 12.4], Outliers: 1055 (2.7%)
2025-06-06 15:46:27,680 - INFO -    precip: Range [0.0, 22.0], Outliers: 3390 (8.7%)
2025-06-06 15:46:27,682 - INFO -    solar_rad: Range [0.0, 919.0], Outliers: 4404 (11.4%)
2025-06-06 15:46:27,682 - INFO - 
TEMPORAL COMPLETENESS ANALYSIS:
2025-06-06 15:46:27,684 - INFO -    2021-01: 744/744 hours (100.0%)
2025-06-06 15:46:27,684 - INFO -    2021-02: 672/672 hours (100.0%)
2025-06-06 15:46:27,685 - INFO -    2021-03: 744/744 hours (100.0%)
2025-06-06 15:46:27,685 - INFO -    2021-04: 720/720 hours (100.0%)
2025-06-06 15:46:27,685 - INFO -    2021-05: 744/744 hours (100.0%)
2025-06-06 15:46:27,685 - INFO -    2021-06: 720/720 hours (100.0%)
2025-06-06 15:46:27,686 - INFO -    2021-07: 744/744 hours (100.0%)
2025-06-06 15:46:27,686 - INFO -    2021-08: 744/744 hours (100.0%)
2025-06-06 15:46:27,686 - INFO -    2021-09: 720/720 hours (100.0%)
2025-06-06 15:46:27,686 - INFO -    2021-10: 744/744 hours (100.0%)
2025-06-06 15:46:27,687 - INFO -    2021-11: 720/720 hours (100.0%)
2025-06-06 15:46:27,687 - INFO -    2021-12: 744/744 hours (100.0%)
2025-06-06 15:46:27,687 - INFO -    2022-01: 744/744 hours (100.0%)
2025-06-06 15:46:27,688 - INFO -    2022-02: 672/672 hours (100.0%)
2025-06-06 15:46:27,688 - INFO -    2022-03: 744/744 hours (100.0%)
2025-06-06 15:46:27,688 - INFO -    2022-04: 720/720 hours (100.0%)
2025-06-06 15:46:27,688 - INFO -    2022-05: 744/744 hours (100.0%)
2025-06-06 15:46:27,689 - INFO -    2022-06: 720/720 hours (100.0%)
2025-06-06 15:46:27,689 - INFO -    2022-07: 744/744 hours (100.0%)
2025-06-06 15:46:27,689 - INFO -    2022-08: 744/744 hours (100.0%)
2025-06-06 15:46:27,689 - INFO -    2022-09: 720/720 hours (100.0%)
2025-06-06 15:46:27,689 - INFO -    2022-10: 744/744 hours (100.0%)
2025-06-06 15:46:27,689 - INFO -    2022-11: 720/720 hours (100.0%)
2025-06-06 15:46:27,690 - INFO -    2022-12: 744/744 hours (100.0%)
2025-06-06 15:46:27,690 - INFO -    2023-01: 744/744 hours (100.0%)
2025-06-06 15:46:27,690 - INFO -    2023-02: 672/672 hours (100.0%)
2025-06-06 15:46:27,690 - INFO -    2023-03: 744/744 hours (100.0%)
2025-06-06 15:46:27,690 - INFO -    2023-04: 720/720 hours (100.0%)
2025-06-06 15:46:27,691 - INFO -    2023-05: 744/744 hours (100.0%)
2025-06-06 15:46:27,691 - INFO -    2023-06: 720/720 hours (100.0%)
2025-06-06 15:46:27,691 - INFO -    2023-07: 744/744 hours (100.0%)
2025-06-06 15:46:27,691 - INFO -    2023-08: 744/744 hours (100.0%)
2025-06-06 15:46:27,691 - INFO -    2023-09: 720/720 hours (100.0%)
2025-06-06 15:46:27,692 - INFO -    2023-10: 744/744 hours (100.0%)
2025-06-06 15:46:27,692 - INFO -    2023-11: 720/720 hours (100.0%)
2025-06-06 15:46:27,692 - INFO -    2023-12: 744/744 hours (100.0%)
2025-06-06 15:46:27,692 - INFO -    2024-01: 744/744 hours (100.0%)
2025-06-06 15:46:27,692 - INFO -    2024-02: 696/696 hours (100.0%)
2025-06-06 15:46:27,693 - INFO -    2024-03: 744/744 hours (100.0%)
2025-06-06 15:46:27,693 - INFO -    2024-04: 720/720 hours (100.0%)
2025-06-06 15:46:27,693 - INFO -    2024-05: 744/744 hours (100.0%)
2025-06-06 15:46:27,693 - INFO -    2024-06: 720/720 hours (100.0%)
2025-06-06 15:46:27,694 - INFO -    2024-07: 744/744 hours (100.0%)
2025-06-06 15:46:27,694 - INFO -    2024-08: 744/744 hours (100.0%)
2025-06-06 15:46:27,694 - INFO -    2024-09: 720/720 hours (100.0%)
2025-06-06 15:46:27,694 - INFO -    2024-10: 744/744 hours (100.0%)
2025-06-06 15:46:27,694 - INFO -    2024-11: 720/720 hours (100.0%)
2025-06-06 15:46:27,694 - INFO -    2024-12: 744/744 hours (100.0%)
2025-06-06 15:46:27,694 - INFO -    2025-01: 744/744 hours (100.0%)
2025-06-06 15:46:27,694 - INFO -    2025-02: 672/672 hours (100.0%)
2025-06-06 15:46:27,695 - INFO -    2025-03: 744/744 hours (100.0%)
2025-06-06 15:46:27,695 - INFO -    2025-04: 720/720 hours (100.0%)
2025-06-06 15:46:27,695 - INFO -    2025-05: 744/744 hours (100.0%)
2025-06-06 15:46:27,695 - INFO -    2025-06: 96/720 hours (13.3%)
2025-06-06 15:46:27,695 - WARNING - Found 1 months with <95% completeness
2025-06-06 15:46:27,700 - INFO - 
YEARLY SUMMARY:
2025-06-06 15:46:29,894 - INFO - Enhanced processed data saved to processed_data/enhanced_processed_weather_data.csv
2025-06-06 15:46:29,895 - INFO - 
Generating enhanced visualizations...
2025-06-06 15:46:31,704 - INFO - Using categorical units to plot a list of strings that are all parsable as floats or dates. If these strings should be plotted as numbers, cast to the appropriate data type before plotting.
2025-06-06 15:46:31,724 - INFO - Using categorical units to plot a list of strings that are all parsable as floats or dates. If these strings should be plotted as numbers, cast to the appropriate data type before plotting.
2025-06-06 15:46:36,202 - INFO - Enhanced visualizations saved to plots/
2025-06-06 15:46:36,202 - INFO - Generated plots:
2025-06-06 15:46:36,203 - INFO -    - enhanced_temperature_analysis.png
2025-06-06 15:46:36,203 - INFO -    - enhanced_monthly_analysis.png
2025-06-06 15:46:36,203 - INFO -    - enhanced_correlation_heatmap.png
2025-06-06 15:46:36,203 - INFO -    - enhanced_daily_patterns.png
2025-06-06 15:46:36,203 - INFO -    - enhanced_solar_wind_analysis.png
2025-06-06 15:46:36,204 - INFO -    - data_completeness_heatmap.png
2025-06-06 15:46:36,207 - INFO - 
ENHANCED WEATHER ANALYSIS COMPLETE!
2025-06-06 15:46:36,207 - INFO - ==================================================
2025-06-06 15:46:36,207 - INFO - Processed: 38,784 records
2025-06-06 15:46:36,208 - INFO - Time span: 2021-01-01 00:00:00 to 2025-06-04 23:00:00
2025-06-06 15:46:36,208 - INFO - Features: 39 columns
2025-06-06 15:46:36,209 - INFO - Output: enhanced_processed_weather_data.csv
2025-06-06 15:46:36,209 - INFO - Visualizations: plots/ directory
2025-06-06 15:46:36,209 - INFO - 
Ready for next step: district_heating_parameters.py
